
> presensi-app@0.1.0 build
> next build

▲ Next.js 16.1.6 (Turbopack)

  Creating an optimized production build ...

> Build error occurred
Error: Turbopack build failed with 1 errors:
./src/app/admin/kelas/page.tsx:5:1
Module not found: Can't resolve 'file-saver'
[0m [90m 3 |[39m [36mimport[39m { useState } [36mfrom[39m [32m"react"[39m[33m;[39m
 [90m 4 |[39m [36mimport[39m [33m*[39m [36mas[39m xlsx [36mfrom[39m [32m"xlsx"[39m[33m;[39m
[31m[1m>[22m[39m[90m 5 |[39m [36mimport[39m { saveAs } [36mfrom[39m [32m"file-saver"[39m[33m;[39m
 [90m   |[39m [31m[1m^[22m[39m[31m[1m^[22m[39m[31m[1m^[22m[39m[31m[1m^[22m[39m[31m[1m^[22m[39m[31m[1m^[22m[39m[31m[1m^[22m[39m[31m[1m^[22m[39m[31m[1m^[22m[39m[31m[1m^[22m[39m[31m[1m^[22m[39m[31m[1m^[22m[39m[31m[1m^[22m[39m[31m[1m^[22m[39m[31m[1m^[22m[39m[31m[1m^[22m[39m[31m[1m^[22m[39m[31m[1m^[22m[39m[31m[1m^[22m[39m[31m[1m^[22m[39m[31m[1m^[22m[39m[31m[1m^[22m[39m[31m[1m^[22m[39m[31m[1m^[22m[39m[31m[1m^[22m[39m[31m[1m^[22m[39m[31m[1m^[22m[39m[31m[1m^[22m[39m[31m[1m^[22m[39m[31m[1m^[22m[39m[31m[1m^[22m[39m[31m[1m^[22m[39m[31m[1m^[22m[39m[31m[1m^[22m[39m[31m[1m^[22m[39m[31m[1m^[22m[39m
 [90m 6 |[39m [36mimport[39m { toast } [36mfrom[39m [32m"sonner"[39m[33m;[39m
 [90m 7 |[39m [36mimport[39m {
 [90m 8 |[39m     [33mCard[39m[33m,[39m[0m



Import traces:
  Client Component Browser:
    ./src/app/admin/kelas/page.tsx [Client Component Browser]
    ./src/app/admin/kelas/page.tsx [Server Component]

  Client Component SSR:
    ./src/app/admin/kelas/page.tsx [Client Component SSR]
    ./src/app/admin/kelas/page.tsx [Server Component]

https://nextjs.org/docs/messages/module-not-found


    at <unknown> (./src/app/admin/kelas/page.tsx:5:1)
    at <unknown> (https://nextjs.org/docs/messages/module-not-found)
